[0.039s] Invoking command in '/home/nate/dev_ws/src/msgsrc_interfaces/build/msgsrc_interfaces': CMAKE_PREFIX_PATH=${CMAKE_PREFIX_PATH}:/home/nate/dev_ws/install/ezrassor_sim_gazebo:/home/nate/dev_ws/install/autonomous_control:/opt/ros/foxy /usr/bin/cmake /home/nate/dev_ws/src/msgsrc_interfaces -DCMAKE_INSTALL_PREFIX=/home/nate/dev_ws/src/msgsrc_interfaces/install/msgsrc_interfaces
[0.170s] -- The C compiler identification is GNU 9.3.0
[0.290s] -- The CXX compiler identification is GNU 9.3.0
[0.300s] -- Check for working C compiler: /usr/bin/cc
[0.458s] -- Check for working C compiler: /usr/bin/cc -- works
[0.462s] -- Detecting C compiler ABI info
[0.613s] -- Detecting C compiler ABI info - done
[0.645s] -- Detecting C compile features
[0.645s] -- Detecting C compile features - done
[0.651s] -- Check for working CXX compiler: /usr/bin/c++
[0.828s] -- Check for working CXX compiler: /usr/bin/c++ -- works
[0.830s] -- Detecting CXX compiler ABI info
[1.006s] -- Detecting CXX compiler ABI info - done
[1.033s] -- Detecting CXX compile features
[1.035s] -- Detecting CXX compile features - done
[1.041s] -- Found ament_cmake: 0.9.9 (/opt/ros/foxy/share/ament_cmake/cmake)
[1.099s] -- Found PythonInterp: /usr/bin/python3 (found suitable version "3.8.10", minimum required is "3") 
[1.099s] -- Using PYTHON_EXECUTABLE: /usr/bin/python3
[1.554s] -- Found ament_lint_auto: 0.9.6 (/opt/ros/foxy/share/ament_lint_auto/cmake)
[1.737s] -- Found rosidl_default_generators: 1.0.1 (/opt/ros/foxy/share/rosidl_default_generators/cmake)
[1.746s] -- Using all available rosidl_typesupport_c: rosidl_typesupport_fastrtps_c;rosidl_typesupport_introspection_c
[1.761s] -- Found rosidl_adapter: 1.2.1 (/opt/ros/foxy/share/rosidl_adapter/cmake)
[1.990s] -- Found OpenSSL: /usr/lib/x86_64-linux-gnu/libcrypto.so (found version "1.1.1f")  
[2.055s] -- Found FastRTPS: /opt/ros/foxy/include  
[2.270s] -- Using all available rosidl_typesupport_cpp: rosidl_typesupport_fastrtps_cpp;rosidl_typesupport_introspection_cpp
[2.389s] -- Found PythonInterp: /usr/bin/python3 (found version "3.8.10") 
[2.594s] CMake Error at /opt/ros/foxy/share/rosidl_cmake/cmake/rosidl_generate_interfaces.cmake:229 (message):
[2.595s]   Packages installing interfaces must include
[2.595s]   '<member_of_group>rosidl_interface_packages</member_of_group>' in their
[2.595s]   package.xml
[2.595s] Call Stack (most recent call first):
[2.596s]   CMakeLists.txt:37 (rosidl_generate_interfaces)
[2.596s] 
[2.596s] 
[2.597s] -- Configuring incomplete, errors occurred!
[2.597s] See also "/home/nate/dev_ws/src/msgsrc_interfaces/build/msgsrc_interfaces/CMakeFiles/CMakeOutput.log".
[2.621s] Invoked command in '/home/nate/dev_ws/src/msgsrc_interfaces/build/msgsrc_interfaces' returned '1': CMAKE_PREFIX_PATH=${CMAKE_PREFIX_PATH}:/home/nate/dev_ws/install/ezrassor_sim_gazebo:/home/nate/dev_ws/install/autonomous_control:/opt/ros/foxy /usr/bin/cmake /home/nate/dev_ws/src/msgsrc_interfaces -DCMAKE_INSTALL_PREFIX=/home/nate/dev_ws/src/msgsrc_interfaces/install/msgsrc_interfaces
